\BOOKMARK [0][-]{section*.2}{摘 要}{}% 1
\BOOKMARK [0][-]{section*.4}{Abstract}{}% 2
\BOOKMARK [0][-]{section*.5}{目 录}{}% 3
\BOOKMARK [0][-]{section*.7}{图形列表}{}% 4
\BOOKMARK [0][-]{section*.9}{表格列表}{}% 5
\BOOKMARK [0][-]{section*.12}{符号列表}{}% 6
\BOOKMARK [0][-]{chapter.1}{第1章  引言}{}% 7
\BOOKMARK [1][-]{section.1.1}{1.1 研究背景}{chapter.1}% 8
\BOOKMARK [1][-]{section.1.2}{1.2 研究目的和意义}{chapter.1}% 9
\BOOKMARK [1][-]{section.1.3}{1.3 本文的研究内容与主要贡献}{chapter.1}% 10
\BOOKMARK [1][-]{section.1.4}{1.4 论文组织结构}{chapter.1}% 11
\BOOKMARK [0][-]{chapter.2}{第2章  复杂网络中的细粒度主机属性发现}{}% 12
\BOOKMARK [1][-]{section.2.1}{2.1 引言}{chapter.2}% 13
\BOOKMARK [1][-]{section.2.2}{2.2 特征工程}{chapter.2}% 14
\BOOKMARK [2][-]{subsection.2.2.1}{2.2.1 协议字段特征}{section.2.2}% 15
\BOOKMARK [2][-]{subsection.2.2.2}{2.2.2 流统计特征}{section.2.2}% 16
\BOOKMARK [1][-]{section.2.3}{2.3 机器学习模型构建}{chapter.2}% 17
\BOOKMARK [2][-]{subsection.2.3.1}{2.3.1 逻辑回归模型}{section.2.3}% 18
\BOOKMARK [2][-]{subsection.2.3.2}{2.3.2 最近邻居模型}{section.2.3}% 19
\BOOKMARK [2][-]{subsection.2.3.3}{2.3.3 随机森林模型}{section.2.3}% 20
\BOOKMARK [2][-]{subsection.2.3.4}{2.3.4 XGBoost模型}{section.2.3}% 21
\BOOKMARK [2][-]{subsection.2.3.5}{2.3.5 LightGBM模型}{section.2.3}% 22
\BOOKMARK [1][-]{section.2.4}{2.4 实验设计与结果分析}{chapter.2}% 23
\BOOKMARK [2][-]{subsection.2.4.1}{2.4.1 数据集介绍}{section.2.4}% 24
\BOOKMARK [2][-]{subsection.2.4.2}{2.4.2 模型对比}{section.2.4}% 25
\BOOKMARK [2][-]{subsection.2.4.3}{2.4.3 泛化性能评估}{section.2.4}% 26
\BOOKMARK [2][-]{subsection.2.4.4}{2.4.4 主机属性识别结果}{section.2.4}% 27
\BOOKMARK [2][-]{subsection.2.4.5}{2.4.5 本章小结}{section.2.4}% 28
\BOOKMARK [0][-]{chapter.3}{第3章  基于加密流原始载荷的主机属性发现}{}% 29
\BOOKMARK [1][-]{section.3.1}{3.1 引言}{chapter.3}% 30
\BOOKMARK [1][-]{section.3.2}{3.2 深度模型适应性分析}{chapter.3}% 31
\BOOKMARK [2][-]{subsection.3.2.1}{3.2.1 原始流量可视化分析}{section.3.2}% 32
\BOOKMARK [2][-]{subsection.3.2.2}{3.2.2 基于卷积神经网络的原始载荷特征挖掘模型}{section.3.2}% 33
\BOOKMARK [0][-]{appendix.A}{附录 A  中国科学院大学学位论文撰写要求}{}% 34
\BOOKMARK [1][-]{section.A.1}{A.1 论文无附录者无需附录部分}{appendix.A}% 35
\BOOKMARK [1][-]{section.A.2}{A.2 测试公式编号 Λ,λ,θ,Λ,SNN}{appendix.A}% 36
\BOOKMARK [1][-]{section.A.3}{A.3 测试生僻字}{appendix.A}% 37
\BOOKMARK [0][-]{section*.40}{参考文献}{}% 38
\BOOKMARK [0][-]{appendix*.42}{作者简历及攻读学位期间发表的学术论文与研究成果}{}% 39
\BOOKMARK [0][-]{appendix*.49}{致谢}{}% 40
