This is XeTeX, Version 3.14159265-2.6-0.999991 (TeX Live 2019/W32TeX) (preloaded format=xelatex 2020.2.5)  3 MAY 2020 11:46
entering extended mode
 restricted \write18 enabled.
 %&-line parsing enabled.
**Mainmatter.tex
(./Mainmatter.tex
LaTeX2e <2020-02-02>
L3 programming layer <2020-02-03>

! LaTeX Error: File `Tex/Chap_Intro.tex' not found.

Type X to quit or <RETURN> to proceed,
or enter new name. (Default extension: tex)

Enter file name: 
! Emergency stop.
<read *> 
         
l.4 \input{Tex/Chap_Intro}
                          ^^M
*** (cannot \read from terminal in nonstop modes)

 
Here is how much of TeX's memory you used:
 18 strings out of 479827
 337 string characters out of 5893421
 243406 words of memory out of 5000000
 17233 multiletter control sequences out of 15000+600000
 532338 words of font info for 24 fonts, out of 8000000 for 9000
 1348 hyphenation exceptions out of 8191
 12i,0n,15p,123b,10s stack positions out of 5000i,500n,10000p,200000b,80000s
No pages of output.
