\BOOKMARK [0][-]{section*.2}{摘 要}{}% 1
\BOOKMARK [0][-]{section*.4}{Abstract}{}% 2
\BOOKMARK [0][-]{section*.5}{目 录}{}% 3
\BOOKMARK [0][-]{section*.7}{图形列表}{}% 4
\BOOKMARK [0][-]{section*.9}{表格列表}{}% 5
\BOOKMARK [0][-]{chapter.1}{第1章  引言}{}% 6
\BOOKMARK [1][-]{section.1.1}{1.1 研究背景}{chapter.1}% 7
\BOOKMARK [1][-]{section.1.2}{1.2 研究目的和意义}{chapter.1}% 8
\BOOKMARK [1][-]{section.1.3}{1.3 本文的研究内容与主要贡献}{chapter.1}% 9
\BOOKMARK [1][-]{section.1.4}{1.4 论文组织结构}{chapter.1}% 10
\BOOKMARK [0][-]{chapter.2}{第2章  国内外研究现状}{}% 11
\BOOKMARK [1][-]{section.2.1}{2.1 主动识别方法}{chapter.2}% 12
\BOOKMARK [1][-]{section.2.2}{2.2 被动识别方法}{chapter.2}% 13
\BOOKMARK [2][-]{subsection.2.2.1}{2.2.1 基于明文协议的方法}{section.2.2}% 14
\BOOKMARK [2][-]{subsection.2.2.2}{2.2.2 基于TCP/IP协议栈指纹的方法}{section.2.2}% 15
\BOOKMARK [2][-]{subsection.2.2.3}{2.2.3 基于流统计特征的方法}{section.2.2}% 16
\BOOKMARK [1][-]{section.2.3}{2.3 本章小结}{chapter.2}% 17
\BOOKMARK [0][-]{chapter.3}{第3章  开放环境中的细粒度主机属性发现}{}% 18
\BOOKMARK [1][-]{section.3.1}{3.1 引言}{chapter.3}% 19
\BOOKMARK [1][-]{section.3.2}{3.2 特征工程}{chapter.3}% 20
\BOOKMARK [2][-]{subsection.3.2.1}{3.2.1 协议字段特征}{section.3.2}% 21
\BOOKMARK [2][-]{subsection.3.2.2}{3.2.2 流统计特征}{section.3.2}% 22
\BOOKMARK [1][-]{section.3.3}{3.3 机器学习模型构建}{chapter.3}% 23
\BOOKMARK [2][-]{subsection.3.3.1}{3.3.1 逻辑回归模型}{section.3.3}% 24
\BOOKMARK [2][-]{subsection.3.3.2}{3.3.2 最近邻居模型}{section.3.3}% 25
\BOOKMARK [2][-]{subsection.3.3.3}{3.3.3 随机森林模型}{section.3.3}% 26
\BOOKMARK [2][-]{subsection.3.3.4}{3.3.4 XGBoost模型}{section.3.3}% 27
\BOOKMARK [2][-]{subsection.3.3.5}{3.3.5 LightGBM模型}{section.3.3}% 28
\BOOKMARK [1][-]{section.3.4}{3.4 数据集构建}{chapter.3}% 29
\BOOKMARK [2][-]{subsection.3.4.1}{3.4.1 属性标注}{section.3.4}% 30
\BOOKMARK [2][-]{subsection.3.4.2}{3.4.2 数据集中的主机属性分布}{section.3.4}% 31
\BOOKMARK [1][-]{section.3.5}{3.5 实验设计与结果分析}{chapter.3}% 32
\BOOKMARK [2][-]{subsection.3.5.1}{3.5.1 模型对比}{section.3.5}% 33
\BOOKMARK [2][-]{subsection.3.5.2}{3.5.2 泛化性能评估}{section.3.5}% 34
\BOOKMARK [2][-]{subsection.3.5.3}{3.5.3 主机属性识别结果}{section.3.5}% 35
\BOOKMARK [1][-]{section.3.6}{3.6 本章小结}{chapter.3}% 36
\BOOKMARK [0][-]{chapter.4}{第4章  基于加密流原始载荷的主机属性发现}{}% 37
\BOOKMARK [1][-]{section.4.1}{4.1 引言}{chapter.4}% 38
\BOOKMARK [1][-]{section.4.2}{4.2 深度模型适应性分析}{chapter.4}% 39
\BOOKMARK [2][-]{subsection.4.2.1}{4.2.1 原始流量可视化分析}{section.4.2}% 40
\BOOKMARK [2][-]{subsection.4.2.2}{4.2.2 基于深度前馈神经网络的原始载荷特征挖掘模型}{section.4.2}% 41
\BOOKMARK [2][-]{subsection.4.2.3}{4.2.3 基于卷积神经网络的原始载荷特征挖掘模型}{section.4.2}% 42
\BOOKMARK [2][-]{subsection.4.2.4}{4.2.4 基于长短期记忆网络的原始载荷特征挖掘模型}{section.4.2}% 43
\BOOKMARK [2][-]{subsection.4.2.5}{4.2.5 模型效果对比}{section.4.2}% 44
\BOOKMARK [1][-]{section.4.3}{4.3 基于加密流原始载荷的主机属性发现结果}{chapter.4}% 45
\BOOKMARK [1][-]{section.4.4}{4.4 本章小结}{chapter.4}% 46
\BOOKMARK [0][-]{chapter.5}{第5章  主机属性识别系统的设计与实现}{}% 47
\BOOKMARK [1][-]{section.5.1}{5.1 设计原则与目标}{chapter.5}% 48
\BOOKMARK [1][-]{section.5.2}{5.2 原型系统的组织架构}{chapter.5}% 49
\BOOKMARK [1][-]{section.5.3}{5.3 流量采集模块}{chapter.5}% 50
\BOOKMARK [1][-]{section.5.4}{5.4 特征提取模块}{chapter.5}% 51
\BOOKMARK [1][-]{section.5.5}{5.5 属性识别模块}{chapter.5}% 52
\BOOKMARK [1][-]{section.5.6}{5.6 分类器更新模块}{chapter.5}% 53
\BOOKMARK [1][-]{section.5.7}{5.7 数据存储与可视化模块}{chapter.5}% 54
\BOOKMARK [1][-]{section.5.8}{5.8 系统测试}{chapter.5}% 55
\BOOKMARK [2][-]{subsection.5.8.1}{5.8.1 测试环境}{section.5.8}% 56
\BOOKMARK [2][-]{subsection.5.8.2}{5.8.2 系统运行性能测试}{section.5.8}% 57
\BOOKMARK [2][-]{subsection.5.8.3}{5.8.3 分类器识别性能测试}{section.5.8}% 58
\BOOKMARK [2][-]{subsection.5.8.4}{5.8.4 可视化功能测试}{section.5.8}% 59
\BOOKMARK [2][-]{subsection.5.8.5}{5.8.5 识别结果分析}{section.5.8}% 60
\BOOKMARK [1][-]{section.5.9}{5.9 本章小结}{chapter.5}% 61
\BOOKMARK [0][-]{chapter.6}{第6章  总结与展望}{}% 62
\BOOKMARK [1][-]{section.6.1}{6.1 本文工作总结}{chapter.6}% 63
\BOOKMARK [1][-]{section.6.2}{6.2 下一步的工作}{chapter.6}% 64
\BOOKMARK [0][-]{section*.68}{参考文献}{}% 65
\BOOKMARK [0][-]{appendix*.70}{致谢}{}% 66
\BOOKMARK [0][-]{appendix*.71}{作者简历及攻读学位期间发表的学术论文与研究成果}{}% 67
